<?xml version="1.0" encoding="UTF-8"?>
<testsuite xmlns:xsi="http://www.w3.org/2001/XMLSchema-instance" xsi:noNamespaceSchemaLocation="https://maven.apache.org/surefire/maven-surefire-plugin/xsd/surefire-test-report-3.0.xsd" version="3.0" name="implementaciones.ReservacionesBOTest" time="0.499" tests="11" errors="11" skipped="0" failures="0">
  <properties>
    <property name="java.specification.version" value="21"/>
    <property name="sun.cpu.isalist" value="amd64"/>
    <property name="sun.jnu.encoding" value="Cp1252"/>
    <property name="java.class.path" value="C:\Users\caarl\Documents\GitHub\Proyecto2-Restaurante\RestauranteNegocio\target\test-classes;C:\Users\caarl\Documents\GitHub\Proyecto2-Restaurante\RestauranteNegocio\target\classes;C:\Users\caarl\.m2\repository\org\mockito\mockito-core\4.0.0\mockito-core-4.0.0.jar;C:\Users\caarl\.m2\repository\net\bytebuddy\byte-buddy\1.11.19\byte-buddy-1.11.19.jar;C:\Users\caarl\.m2\repository\net\bytebuddy\byte-buddy-agent\1.11.19\byte-buddy-agent-1.11.19.jar;C:\Users\caarl\.m2\repository\org\objenesis\objenesis\3.2\objenesis-3.2.jar;C:\Users\caarl\.m2\repository\com\mysql\mysql-connector-j\9.0.0\mysql-connector-j-9.0.0.jar;C:\Users\caarl\.m2\repository\com\google\protobuf\protobuf-java\4.26.1\protobuf-java-4.26.1.jar;C:\Users\caarl\.m2\repository\org\eclipse\persistence\org.eclipse.persistence.core\2.7.12\org.eclipse.persistence.core-2.7.12.jar;C:\Users\caarl\.m2\repository\org\eclipse\persistence\org.eclipse.persistence.asm\9.4.0\org.eclipse.persistence.asm-9.4.0.jar;C:\Users\caarl\.m2\repository\org\eclipse\persistence\org.eclipse.persistence.antlr\2.7.12\org.eclipse.persistence.antlr-2.7.12.jar;C:\Users\caarl\.m2\repository\org\eclipse\persistence\org.eclipse.persistence.jpa\2.7.12\org.eclipse.persistence.jpa-2.7.12.jar;C:\Users\caarl\.m2\repository\org\eclipse\persistence\org.eclipse.persistence.jpa.jpql\2.7.12\org.eclipse.persistence.jpa.jpql-2.7.12.jar;C:\Users\caarl\.m2\repository\org\eclipse\persistence\org.eclipse.persistence.moxy\2.7.12\org.eclipse.persistence.moxy-2.7.12.jar;C:\Users\caarl\.m2\repository\org\eclipse\persistence\jakarta.persistence\2.2.3\jakarta.persistence-2.2.3.jar;C:\Users\caarl\.m2\repository\org\junit\jupiter\junit-jupiter-api\5.10.2\junit-jupiter-api-5.10.2.jar;C:\Users\caarl\.m2\repository\org\opentest4j\opentest4j\1.3.0\opentest4j-1.3.0.jar;C:\Users\caarl\.m2\repository\org\junit\platform\junit-platform-commons\1.10.2\junit-platform-commons-1.10.2.jar;C:\Users\caarl\.m2\repository\org\apiguardian\apiguardian-api\1.1.2\apiguardian-api-1.1.2.jar;C:\Users\caarl\.m2\repository\org\junit\jupiter\junit-jupiter-params\5.10.2\junit-jupiter-params-5.10.2.jar;C:\Users\caarl\.m2\repository\org\junit\jupiter\junit-jupiter-engine\5.10.2\junit-jupiter-engine-5.10.2.jar;C:\Users\caarl\.m2\repository\org\junit\platform\junit-platform-engine\1.10.2\junit-platform-engine-1.10.2.jar;C:\Users\caarl\.m2\repository\com\equipo7\RestaurantePersistencia\1.0\RestaurantePersistencia-1.0.jar;"/>
    <property name="java.vm.vendor" value="Oracle Corporation"/>
    <property name="sun.arch.data.model" value="64"/>
    <property name="user.variant" value=""/>
    <property name="java.vendor.url" value="https://java.oracle.com/"/>
    <property name="user.timezone" value="America/Hermosillo"/>
    <property name="os.name" value="Windows 10"/>
    <property name="java.vm.specification.version" value="21"/>
    <property name="user.country" value="MX"/>
    <property name="sun.java.launcher" value="SUN_STANDARD"/>
    <property name="sun.boot.library.path" value="C:\Program Files\Java\jdk-21\bin"/>
    <property name="sun.java.command" value="C:\Users\caarl\AppData\Local\Temp\surefire6074682304369797573\surefirebooter-20241025172707000_3.jar C:\Users\caarl\AppData\Local\Temp\surefire6074682304369797573 2024-10-25T17-27-06_883-jvmRun1 surefire-20241025172707000_1tmp surefire_0-20241025172707000_2tmp"/>
    <property name="jdk.debug" value="release"/>
    <property name="test" value="implementaciones.ReservacionesBOTest"/>
    <property name="surefire.test.class.path" value="C:\Users\caarl\Documents\GitHub\Proyecto2-Restaurante\RestauranteNegocio\target\test-classes;C:\Users\caarl\Documents\GitHub\Proyecto2-Restaurante\RestauranteNegocio\target\classes;C:\Users\caarl\.m2\repository\org\mockito\mockito-core\4.0.0\mockito-core-4.0.0.jar;C:\Users\caarl\.m2\repository\net\bytebuddy\byte-buddy\1.11.19\byte-buddy-1.11.19.jar;C:\Users\caarl\.m2\repository\net\bytebuddy\byte-buddy-agent\1.11.19\byte-buddy-agent-1.11.19.jar;C:\Users\caarl\.m2\repository\org\objenesis\objenesis\3.2\objenesis-3.2.jar;C:\Users\caarl\.m2\repository\com\mysql\mysql-connector-j\9.0.0\mysql-connector-j-9.0.0.jar;C:\Users\caarl\.m2\repository\com\google\protobuf\protobuf-java\4.26.1\protobuf-java-4.26.1.jar;C:\Users\caarl\.m2\repository\org\eclipse\persistence\org.eclipse.persistence.core\2.7.12\org.eclipse.persistence.core-2.7.12.jar;C:\Users\caarl\.m2\repository\org\eclipse\persistence\org.eclipse.persistence.asm\9.4.0\org.eclipse.persistence.asm-9.4.0.jar;C:\Users\caarl\.m2\repository\org\eclipse\persistence\org.eclipse.persistence.antlr\2.7.12\org.eclipse.persistence.antlr-2.7.12.jar;C:\Users\caarl\.m2\repository\org\eclipse\persistence\org.eclipse.persistence.jpa\2.7.12\org.eclipse.persistence.jpa-2.7.12.jar;C:\Users\caarl\.m2\repository\org\eclipse\persistence\org.eclipse.persistence.jpa.jpql\2.7.12\org.eclipse.persistence.jpa.jpql-2.7.12.jar;C:\Users\caarl\.m2\repository\org\eclipse\persistence\org.eclipse.persistence.moxy\2.7.12\org.eclipse.persistence.moxy-2.7.12.jar;C:\Users\caarl\.m2\repository\org\eclipse\persistence\jakarta.persistence\2.2.3\jakarta.persistence-2.2.3.jar;C:\Users\caarl\.m2\repository\org\junit\jupiter\junit-jupiter-api\5.10.2\junit-jupiter-api-5.10.2.jar;C:\Users\caarl\.m2\repository\org\opentest4j\opentest4j\1.3.0\opentest4j-1.3.0.jar;C:\Users\caarl\.m2\repository\org\junit\platform\junit-platform-commons\1.10.2\junit-platform-commons-1.10.2.jar;C:\Users\caarl\.m2\repository\org\apiguardian\apiguardian-api\1.1.2\apiguardian-api-1.1.2.jar;C:\Users\caarl\.m2\repository\org\junit\jupiter\junit-jupiter-params\5.10.2\junit-jupiter-params-5.10.2.jar;C:\Users\caarl\.m2\repository\org\junit\jupiter\junit-jupiter-engine\5.10.2\junit-jupiter-engine-5.10.2.jar;C:\Users\caarl\.m2\repository\org\junit\platform\junit-platform-engine\1.10.2\junit-platform-engine-1.10.2.jar;C:\Users\caarl\.m2\repository\com\equipo7\RestaurantePersistencia\1.0\RestaurantePersistencia-1.0.jar;"/>
    <property name="sun.cpu.endian" value="little"/>
    <property name="user.home" value="C:\Users\caarl"/>
    <property name="user.language" value="es"/>
    <property name="java.specification.vendor" value="Oracle Corporation"/>
    <property name="java.version.date" value="2024-01-16"/>
    <property name="java.home" value="C:\Program Files\Java\jdk-21"/>
    <property name="file.separator" value="\"/>
    <property name="basedir" value="C:\Users\caarl\Documents\GitHub\Proyecto2-Restaurante\RestauranteNegocio"/>
    <property name="java.vm.compressedOopsMode" value="Zero based"/>
    <property name="line.separator" value="&#10;"/>
    <property name="java.vm.specification.vendor" value="Oracle Corporation"/>
    <property name="java.specification.name" value="Java Platform API Specification"/>
    <property name="surefire.real.class.path" value="C:\Users\caarl\AppData\Local\Temp\surefire6074682304369797573\surefirebooter-20241025172707000_3.jar"/>
    <property name="user.script" value=""/>
    <property name="sun.management.compiler" value="HotSpot 64-Bit Tiered Compilers"/>
    <property name="java.runtime.version" value="21.0.2+13-LTS-58"/>
    <property name="user.name" value="caarl"/>
    <property name="stdout.encoding" value="Cp1252"/>
    <property name="path.separator" value=";"/>
    <property name="os.version" value="10.0"/>
    <property name="java.runtime.name" value="Java(TM) SE Runtime Environment"/>
    <property name="file.encoding" value="UTF-8"/>
    <property name="java.vm.name" value="Java HotSpot(TM) 64-Bit Server VM"/>
    <property name="maven.ext.class.path" value="C:\Program Files\NetBeans-20\netbeans\java\maven-nblib\netbeans-eventspy.jar"/>
    <property name="localRepository" value="C:\Users\caarl\.m2\repository"/>
    <property name="java.vendor.url.bug" value="https://bugreport.java.com/bugreport/"/>
    <property name="java.io.tmpdir" value="C:\Users\caarl\AppData\Local\Temp\"/>
    <property name="java.version" value="21.0.2"/>
    <property name="user.dir" value="C:\Users\caarl\Documents\GitHub\Proyecto2-Restaurante\RestauranteNegocio"/>
    <property name="os.arch" value="amd64"/>
    <property name="java.vm.specification.name" value="Java Virtual Machine Specification"/>
    <property name="sun.os.patch.level" value=""/>
    <property name="native.encoding" value="Cp1252"/>
    <property name="java.library.path" value="C:\Program Files\Java\jdk-21\bin;C:\WINDOWS\Sun\Java\bin;C:\WINDOWS\system32;C:\WINDOWS;C:\Program Files\MongoDB\Server\7.0\bin;C:\Program Files\Common Files\Oracle\Java\javapath;C:\Program Files (x86)\Common Files\Oracle\Java\java8path;C:\WINDOWS\system32;C:\WINDOWS;C:\WINDOWS\System32\Wbem;C:\WINDOWS\System32\WindowsPowerShell\v1.0\;C:\WINDOWS\System32\OpenSSH\;C:\Program Files (x86)\NVIDIA Corporation\PhysX\Common;C:\Program Files\MySQL\MySQL Utilities 1.6\;C:\Users\caarl\Desktop\PDFS\apache-maven-3.9.6\bin;C:\Users\caarl\AppData\Local\Microsoft\WindowsApps;C:\Users\caarl\AppData\Local\Programs\Microsoft VS Code\bin;C:\ProgramData\caarl\GitHubDesktop\bin;C:\Users\caarl\AppData\Local\GitHubDesktop\bin;C:\Program Files\MongoDB\Server\7.0\bin;;."/>
    <property name="java.vm.info" value="mixed mode, sharing"/>
    <property name="stderr.encoding" value="Cp1252"/>
    <property name="java.vendor" value="Oracle Corporation"/>
    <property name="java.vm.version" value="21.0.2+13-LTS-58"/>
    <property name="sun.io.unicode.encoding" value="UnicodeLittle"/>
    <property name="java.class.version" value="65.0"/>
  </properties>
  <testcase name="testObtenerReservacionesDeMesa_Error" classname="implementaciones.ReservacionesBOTest" time="0.429">
    <error message="Cannot invoke &quot;java.util.function.Function.apply(Object)&quot; because &quot;this.fromDto&quot; is null" type="java.lang.NullPointerException"><![CDATA[java.lang.NullPointerException: Cannot invoke "java.util.function.Function.apply(Object)" because "this.fromDto" is null
	at dto.convertidores.Converter.convertFromDto(Converter.java:30)
	at implementaciones.ReservacionesBOTest.setUp(ReservacionesBOTest.java:77)
	at java.base/java.lang.reflect.Method.invoke(Method.java:580)
	at java.base/java.util.ArrayList.forEach(ArrayList.java:1596)
	at java.base/java.util.ArrayList.forEach(ArrayList.java:1596)
]]></error>
  </testcase>
  <testcase name="testCancelarReservacion_NoEncontrado" classname="implementaciones.ReservacionesBOTest" time="0.003">
    <error message="Cannot invoke &quot;java.util.function.Function.apply(Object)&quot; because &quot;this.fromDto&quot; is null" type="java.lang.NullPointerException"><![CDATA[java.lang.NullPointerException: Cannot invoke "java.util.function.Function.apply(Object)" because "this.fromDto" is null
	at dto.convertidores.Converter.convertFromDto(Converter.java:30)
	at implementaciones.ReservacionesBOTest.setUp(ReservacionesBOTest.java:77)
	at java.base/java.lang.reflect.Method.invoke(Method.java:580)
	at java.base/java.util.ArrayList.forEach(ArrayList.java:1596)
	at java.base/java.util.ArrayList.forEach(ArrayList.java:1596)
]]></error>
  </testcase>
  <testcase name="testObtenerReservacionesCliente_Exitoso" classname="implementaciones.ReservacionesBOTest" time="0.002">
    <error message="Cannot invoke &quot;java.util.function.Function.apply(Object)&quot; because &quot;this.fromDto&quot; is null" type="java.lang.NullPointerException"><![CDATA[java.lang.NullPointerException: Cannot invoke "java.util.function.Function.apply(Object)" because "this.fromDto" is null
	at dto.convertidores.Converter.convertFromDto(Converter.java:30)
	at implementaciones.ReservacionesBOTest.setUp(ReservacionesBOTest.java:77)
	at java.base/java.lang.reflect.Method.invoke(Method.java:580)
	at java.base/java.util.ArrayList.forEach(ArrayList.java:1596)
	at java.base/java.util.ArrayList.forEach(ArrayList.java:1596)
]]></error>
  </testcase>
  <testcase name="testEliminarReservacion_Exitoso" classname="implementaciones.ReservacionesBOTest" time="0.003">
    <error message="Cannot invoke &quot;java.util.function.Function.apply(Object)&quot; because &quot;this.fromDto&quot; is null" type="java.lang.NullPointerException"><![CDATA[java.lang.NullPointerException: Cannot invoke "java.util.function.Function.apply(Object)" because "this.fromDto" is null
	at dto.convertidores.Converter.convertFromDto(Converter.java:30)
	at implementaciones.ReservacionesBOTest.setUp(ReservacionesBOTest.java:77)
	at java.base/java.lang.reflect.Method.invoke(Method.java:580)
	at java.base/java.util.ArrayList.forEach(ArrayList.java:1596)
	at java.base/java.util.ArrayList.forEach(ArrayList.java:1596)
]]></error>
  </testcase>
  <testcase name="testCancelarReservacion_Exitoso" classname="implementaciones.ReservacionesBOTest" time="0.001">
    <error message="Cannot invoke &quot;java.util.function.Function.apply(Object)&quot; because &quot;this.fromDto&quot; is null" type="java.lang.NullPointerException"><![CDATA[java.lang.NullPointerException: Cannot invoke "java.util.function.Function.apply(Object)" because "this.fromDto" is null
	at dto.convertidores.Converter.convertFromDto(Converter.java:30)
	at implementaciones.ReservacionesBOTest.setUp(ReservacionesBOTest.java:77)
	at java.base/java.lang.reflect.Method.invoke(Method.java:580)
	at java.base/java.util.ArrayList.forEach(ArrayList.java:1596)
	at java.base/java.util.ArrayList.forEach(ArrayList.java:1596)
]]></error>
  </testcase>
  <testcase name="testObtenerReservacionPorID_Exitoso" classname="implementaciones.ReservacionesBOTest" time="0.002">
    <error message="Cannot invoke &quot;java.util.function.Function.apply(Object)&quot; because &quot;this.fromDto&quot; is null" type="java.lang.NullPointerException"><![CDATA[java.lang.NullPointerException: Cannot invoke "java.util.function.Function.apply(Object)" because "this.fromDto" is null
	at dto.convertidores.Converter.convertFromDto(Converter.java:30)
	at implementaciones.ReservacionesBOTest.setUp(ReservacionesBOTest.java:77)
	at java.base/java.lang.reflect.Method.invoke(Method.java:580)
	at java.base/java.util.ArrayList.forEach(ArrayList.java:1596)
	at java.base/java.util.ArrayList.forEach(ArrayList.java:1596)
]]></error>
  </testcase>
  <testcase name="testObtenerReservacionesDeMesa_Exitoso" classname="implementaciones.ReservacionesBOTest" time="0.002">
    <error message="Cannot invoke &quot;java.util.function.Function.apply(Object)&quot; because &quot;this.fromDto&quot; is null" type="java.lang.NullPointerException"><![CDATA[java.lang.NullPointerException: Cannot invoke "java.util.function.Function.apply(Object)" because "this.fromDto" is null
	at dto.convertidores.Converter.convertFromDto(Converter.java:30)
	at implementaciones.ReservacionesBOTest.setUp(ReservacionesBOTest.java:77)
	at java.base/java.lang.reflect.Method.invoke(Method.java:580)
	at java.base/java.util.ArrayList.forEach(ArrayList.java:1596)
	at java.base/java.util.ArrayList.forEach(ArrayList.java:1596)
]]></error>
  </testcase>
  <testcase name="testObtenerReservacionesPorPeriodo_Exitoso" classname="implementaciones.ReservacionesBOTest" time="0.002">
    <error message="Cannot invoke &quot;java.util.function.Function.apply(Object)&quot; because &quot;this.fromDto&quot; is null" type="java.lang.NullPointerException"><![CDATA[java.lang.NullPointerException: Cannot invoke "java.util.function.Function.apply(Object)" because "this.fromDto" is null
	at dto.convertidores.Converter.convertFromDto(Converter.java:30)
	at implementaciones.ReservacionesBOTest.setUp(ReservacionesBOTest.java:77)
	at java.base/java.lang.reflect.Method.invoke(Method.java:580)
	at java.base/java.util.ArrayList.forEach(ArrayList.java:1596)
	at java.base/java.util.ArrayList.forEach(ArrayList.java:1596)
]]></error>
  </testcase>
  <testcase name="testActualizarReservacion_Exitoso" classname="implementaciones.ReservacionesBOTest" time="0.001">
    <error message="Cannot invoke &quot;java.util.function.Function.apply(Object)&quot; because &quot;this.fromDto&quot; is null" type="java.lang.NullPointerException"><![CDATA[java.lang.NullPointerException: Cannot invoke "java.util.function.Function.apply(Object)" because "this.fromDto" is null
	at dto.convertidores.Converter.convertFromDto(Converter.java:30)
	at implementaciones.ReservacionesBOTest.setUp(ReservacionesBOTest.java:77)
	at java.base/java.lang.reflect.Method.invoke(Method.java:580)
	at java.base/java.util.ArrayList.forEach(ArrayList.java:1596)
	at java.base/java.util.ArrayList.forEach(ArrayList.java:1596)
]]></error>
  </testcase>
  <testcase name="testAgregarReservacion_Exitoso" classname="implementaciones.ReservacionesBOTest" time="0.001">
    <error message="Cannot invoke &quot;java.util.function.Function.apply(Object)&quot; because &quot;this.fromDto&quot; is null" type="java.lang.NullPointerException"><![CDATA[java.lang.NullPointerException: Cannot invoke "java.util.function.Function.apply(Object)" because "this.fromDto" is null
	at dto.convertidores.Converter.convertFromDto(Converter.java:30)
	at implementaciones.ReservacionesBOTest.setUp(ReservacionesBOTest.java:77)
	at java.base/java.lang.reflect.Method.invoke(Method.java:580)
	at java.base/java.util.ArrayList.forEach(ArrayList.java:1596)
	at java.base/java.util.ArrayList.forEach(ArrayList.java:1596)
]]></error>
  </testcase>
  <testcase name="testGetInstance" classname="implementaciones.ReservacionesBOTest" time="0.002">
    <error message="Cannot invoke &quot;java.util.function.Function.apply(Object)&quot; because &quot;this.fromDto&quot; is null" type="java.lang.NullPointerException"><![CDATA[java.lang.NullPointerException: Cannot invoke "java.util.function.Function.apply(Object)" because "this.fromDto" is null
	at dto.convertidores.Converter.convertFromDto(Converter.java:30)
	at implementaciones.ReservacionesBOTest.setUp(ReservacionesBOTest.java:77)
	at java.base/java.lang.reflect.Method.invoke(Method.java:580)
	at java.base/java.util.ArrayList.forEach(ArrayList.java:1596)
	at java.base/java.util.ArrayList.forEach(ArrayList.java:1596)
]]></error>
  </testcase>
</testsuite>